[handleMsg]:  {
  key: {
    remoteJid: '573508207373@s.whatsapp.net',
    fromMe: false,
    id: '3A8989BCAB54DAD3CB6C',
    participant: undefined
  },
  messageTimestamp: 1759104865,
  pushName: 'Marco Alberto Coronado B',
  broadcast: false,
  message: Message {
    conversation: '1n1c14r',
    messageContextInfo: MessageContextInfo {
      deviceListMetadata: [DeviceListMetadata],
      deviceListMetadataVersion: 2,
      messageSecret: [Uint8Array]
    }
  },
  body: '1n1c14r',
  from: '573508207373'
}
[QUEUE_SE_ENVIO]:  {
  ref: 'ans_0fb0ca57-b6d1-4f44-b15e-97354c74afac',
  keyword: 'key_2bafffc8-5e49-44e5-9986-fedd7d7c36bd',
  answer: '⏱️ ¿Cuántos segundos deseas de espera entre mensajes? (Ej: 10)',
  options: {
    media: null,
    buttons: [],
    capture: true,
    child: null,
    delay: 0,
    idle: null,
    ref: null,
    nested: [],
    keyword: {},
    callback: false
  },
  refSerialize: '2e43c8d21465576a51d75789e0996ce0'
}
[handleMsg]:  {
  key: {
    remoteJid: '573508207373@s.whatsapp.net',
    fromMe: false,
    id: '3AB7D48326D653A6DC72',
    participant: undefined
  },
  messageTimestamp: 1759104870,
  pushName: 'Marco Alberto Coronado B',
  broadcast: false,
  message: Message {
    conversation: '15',
    messageContextInfo: MessageContextInfo {
      deviceListMetadata: [DeviceListMetadata],
      deviceListMetadataVersion: 2,
      messageSecret: [Uint8Array]
    }
  },
  body: '15',
  from: '573508207373'
}
[QUEUE_SE_ENVIO]:  {
  ref: 'ans_b2207066-1ef2-44bc-bb30-a8405d6bab59',
  keyword: 'ans_0fb0ca57-b6d1-4f44-b15e-97354c74afac',
  answer: '__call_action__',
  options: {
    media: null,
    buttons: [],
    capture: false,
    child: null,
    delay: 0,
    idle: null,
    ref: null,
    nested: [],
    keyword: {},
    callback: true
  },
  refSerialize: '9625bdf3a7a97f856c5e311186669ed8'
}
